
--- 2026-04-18T11:00:31.721Z debug
🪵  Writing logs to "/Users/andreynikolaev/Documents/optima-ide/metrixParser/apps/web/.wrangler/.wrangler/logs/wrangler-2026-04-18_11-00-31_552.log"
---

--- 2026-04-18T11:00:31.721Z debug
.env file not found at "/Users/andreynikolaev/Documents/optima-ide/metrixParser/apps/web/.env". Continuing... For more details, refer to https://developers.cloudflare.com/workers/wrangler/system-environment-variables/
---

--- 2026-04-18T11:00:31.722Z debug
.env file not found at "/Users/andreynikolaev/Documents/optima-ide/metrixParser/apps/web/.env.local". Continuing... For more details, refer to https://developers.cloudflare.com/workers/wrangler/system-environment-variables/
---

--- 2026-04-18T11:00:31.769Z log

 ⛅️ wrangler 4.82.2
───────────────────
---

--- 2026-04-18T11:00:31.774Z info
Using redirected Wrangler configuration.
 - Configuration being used: "dist/metrix_parser_web/wrangler.json"
 - Original user's configuration: "wrangler.jsonc"
 - Deploy configuration file: ".wrangler/deploy/config.json"
---

--- 2026-04-18T11:00:31.783Z debug
Metrics dispatcher: Posting data {"deviceId":"eeba4b69-902a-4a26-8ca7-e4c98e182a16","event":"wrangler command started","timestamp":1776510031783,"properties":{"amplitude_session_id":1776510031777,"amplitude_event_id":0,"wranglerVersion":"4.82.2","wranglerMajorVersion":4,"wranglerMinorVersion":82,"wranglerPatchVersion":2,"osPlatform":"Mac OS","osVersion":"Darwin Kernel Version 25.3.0: Wed Jan 28 20:53:31 PST 2026; root:xnu-12377.91.3~2/RELEASE_ARM64_T8103","nodeVersion":20,"packageManager":"npm","isFirstUsage":true,"configFileType":"json","isCI":false,"isPagesCI":false,"isWorkersCI":false,"isInteractive":false,"hasAssets":true,"agent":null,"argsUsed":["dryRun"],"argsCombination":"dryRun","sanitizedCommand":"deploy","sanitizedArgs":{}}}
---

--- 2026-04-18T11:00:31.796Z debug
Metrics dispatcher: Posting data {"deviceId":"eeba4b69-902a-4a26-8ca7-e4c98e182a16","event":"autoconfig_process_started","timestamp":1776510031796,"properties":{"amplitude_session_id":1776510031796,"amplitude_event_id":0,"wranglerVersion":"4.82.2","wranglerMajorVersion":4,"wranglerMinorVersion":82,"wranglerPatchVersion":2,"osPlatform":"Mac OS","osVersion":"Darwin Kernel Version 25.3.0: Wed Jan 28 20:53:31 PST 2026; root:xnu-12377.91.3~2/RELEASE_ARM64_T8103","nodeVersion":20,"packageManager":"npm","isFirstUsage":false,"configFileType":"none","isCI":false,"isPagesCI":false,"isWorkersCI":false,"isInteractive":false,"hasAssets":false,"agent":null,"category":"Workers","os":"darwin:arm64","autoConfigId":"01069b8d-8e71-4104-8a68-569f74c54e6a","command":"wrangler deploy","dryRun":true}}
---

--- 2026-04-18T11:00:31.797Z debug
Running autoconfig detection in /Users/andreynikolaev/Documents/optima-ide/metrixParser/apps/web...
---

--- 2026-04-18T11:00:31.798Z debug
Metrics dispatcher: Posting data {"deviceId":"eeba4b69-902a-4a26-8ca7-e4c98e182a16","event":"autoconfig_detection_started","timestamp":1776510031798,"properties":{"amplitude_session_id":1776510031797,"amplitude_event_id":0,"wranglerVersion":"4.82.2","wranglerMajorVersion":4,"wranglerMinorVersion":82,"wranglerPatchVersion":2,"osPlatform":"Mac OS","osVersion":"Darwin Kernel Version 25.3.0: Wed Jan 28 20:53:31 PST 2026; root:xnu-12377.91.3~2/RELEASE_ARM64_T8103","nodeVersion":20,"packageManager":"npm","isFirstUsage":false,"configFileType":"none","isCI":false,"isPagesCI":false,"isWorkersCI":false,"isInteractive":false,"hasAssets":false,"agent":null,"category":"Workers","os":"darwin:arm64","autoConfigId":"01069b8d-8e71-4104-8a68-569f74c54e6a","command":"wrangler deploy"}}
---

--- 2026-04-18T11:00:31.802Z debug
Metrics dispatcher: Posting data {"deviceId":"eeba4b69-902a-4a26-8ca7-e4c98e182a16","event":"autoconfig_process_ended","timestamp":1776510031802,"properties":{"amplitude_session_id":1776510031801,"amplitude_event_id":0,"wranglerVersion":"4.82.2","wranglerMajorVersion":4,"wranglerMinorVersion":82,"wranglerPatchVersion":2,"osPlatform":"Mac OS","osVersion":"Darwin Kernel Version 25.3.0: Wed Jan 28 20:53:31 PST 2026; root:xnu-12377.91.3~2/RELEASE_ARM64_T8103","nodeVersion":20,"packageManager":"npm","isFirstUsage":false,"configFileType":"none","isCI":false,"isPagesCI":false,"isWorkersCI":false,"isInteractive":false,"hasAssets":false,"agent":null,"category":"Workers","os":"darwin:arm64","autoConfigId":"01069b8d-8e71-4104-8a68-569f74c54e6a","command":"wrangler deploy","dryRun":true,"success":true}}
---

--- 2026-04-18T11:00:31.810Z debug
Metrics dispatcher: Failed to send request: fetch failed
---

--- 2026-04-18T11:00:31.811Z debug
Metrics dispatcher: Failed to send request: fetch failed
---

--- 2026-04-18T11:00:31.811Z debug
Metrics dispatcher: Failed to send request: fetch failed
---

--- 2026-04-18T11:00:31.811Z debug
Metrics dispatcher: Failed to send request: fetch failed
---

--- 2026-04-18T11:00:31.954Z info
✨ Read 5 files from the assets directory /Users/andreynikolaev/Documents/optima-ide/metrixParser/apps/web/dist/client
---

--- 2026-04-18T11:00:31.954Z debug
/.assetsignore
---

--- 2026-04-18T11:00:31.954Z debug
/assets
---

--- 2026-04-18T11:00:31.954Z debug
/index.html
---

--- 2026-04-18T11:00:31.954Z debug
/assets/index-CvV4HJIO.css
---

--- 2026-04-18T11:00:31.954Z debug
/assets/index-DutueAi4.js
---

--- 2026-04-18T11:00:31.956Z debug
Ignoring asset: .assetsignore
---

--- 2026-04-18T11:00:32.009Z log
Total Upload: 1504.96 KiB / gzip: 307.04 KiB
---

--- 2026-04-18T11:00:32.013Z log
Your Worker has access to the following bindings:
---

--- 2026-04-18T11:00:32.013Z log
Binding            Resource      
---

--- 2026-04-18T11:00:32.014Z log
env.ASSETS         Assets        
---

--- 2026-04-18T11:00:32.014Z log

---

--- 2026-04-18T11:00:32.015Z log
--dry-run: exiting now.
---

--- 2026-04-18T11:00:32.016Z debug
Metrics dispatcher: Posting data {"deviceId":"eeba4b69-902a-4a26-8ca7-e4c98e182a16","event":"deploy worker script","timestamp":1776510032016,"properties":{"amplitude_session_id":1776510032016,"amplitude_event_id":0,"wranglerVersion":"4.82.2","wranglerMajorVersion":4,"wranglerMinorVersion":82,"wranglerPatchVersion":2,"osPlatform":"Mac OS","osVersion":"Darwin Kernel Version 25.3.0: Wed Jan 28 20:53:31 PST 2026; root:xnu-12377.91.3~2/RELEASE_ARM64_T8103","nodeVersion":20,"packageManager":"npm","isFirstUsage":false,"configFileType":"none","isCI":false,"isPagesCI":false,"isWorkersCI":false,"isInteractive":false,"hasAssets":false,"agent":null,"category":"Workers","os":"darwin:arm64","usesTypeScript":false,"durationMs":76}}
---

--- 2026-04-18T11:00:32.018Z log

Cloudflare collects anonymous telemetry about your usage of Wrangler. Learn more at https://github.com/cloudflare/workers-sdk/tree/main/packages/wrangler/telemetry.md
---

--- 2026-04-18T11:00:32.018Z debug
Metrics dispatcher: Posting data {"deviceId":"eeba4b69-902a-4a26-8ca7-e4c98e182a16","event":"wrangler command completed","timestamp":1776510032018,"properties":{"amplitude_session_id":1776510031777,"amplitude_event_id":1,"wranglerVersion":"4.82.2","wranglerMajorVersion":4,"wranglerMinorVersion":82,"wranglerPatchVersion":2,"osPlatform":"Mac OS","osVersion":"Darwin Kernel Version 25.3.0: Wed Jan 28 20:53:31 PST 2026; root:xnu-12377.91.3~2/RELEASE_ARM64_T8103","nodeVersion":20,"packageManager":"npm","isFirstUsage":false,"configFileType":"json","isCI":false,"isPagesCI":false,"isWorkersCI":false,"isInteractive":false,"hasAssets":true,"agent":null,"argsUsed":["dryRun"],"argsCombination":"dryRun","sanitizedCommand":"deploy","sanitizedArgs":{},"durationMs":296}}
---

--- 2026-04-18T11:00:32.021Z debug
Metrics dispatcher: Failed to send request: fetch failed
---

--- 2026-04-18T11:00:32.021Z debug
Metrics dispatcher: Failed to send request: fetch failed
---
